CREATE TABLE Employees (
    EmployeeID INT PRIMARY KEY,
    LastName VARCHAR(50),
    FirstName VARCHAR(50),
    Email VARCHAR(100),
    HireDate DATE
);
CREATE TABLE Employees (
    EmployeeID INT PRIMARY KEY,
    FirstName VARCHAR(50),
    LastName VARCHAR(50),
    BirthDate DATE,
    HireDate DATE,
    Position VARCHAR(50),
    Salary DECIMAL(10, 2)
); 
CREATE TABLE Orders (
    OrderID INT PRIMARY KEY,
    CustomerID INT,
    OrderDate DATE,
    FOREIGN KEY (CustomerID) REFERENCES Customers(CustomerID)
);
CREATE TABLE Orders (
    OrderID INT PRIMARY KEY,
    CustomerID INT NOT NULL,
    OrderDate DATE NOT NULL,
    ShipDate DATE,
    ShippingAddress VARCHAR(255),
    BillingAddress VARCHAR(255),
    OrderTotal DECIMAL(15, 2),
    OrderStatus VARCHAR(50),
    PaymentMethod VARCHAR(50),
    Notes TEXT,
    CreatedAt TIMESTAMP DEFAULT CURRENT_TIMESTAMP,
    UpdatedAt TIMESTAMP DEFAULT CURRENT_TIMESTAMP ON UPDATE CURRENT_TIMESTAMP
);
CREATE TABLE Orders (
    OrderID INT PRIMARY KEY,
    CustomerID INT,
    OrderDate DATE NOT NULL,
    ShipDate DATE,
    ShippingAddress VARCHAR(255),
    BillingAddress VARCHAR(255),
    OrderTotal DECIMAL(15, 2),
    OrderStatus VARCHAR(50),
    PaymentMethod VARCHAR(50),
    Notes TEXT,
    CreatedAt TIMESTAMP DEFAULT CURRENT_TIMESTAMP,
    UpdatedAt TIMESTAMP DEFAULT CURRENT_TIMESTAMP ON UPDATE CURRENT_TIMESTAMP,
    FOREIGN KEY (CustomerID) REFERENCES Customers(CustomerID)
);
